proguard/seeds.txt
edu.ustc.sse.mix.AbsoluteLayoutActivity
edu.ustc.sse.mix.AbsoluteLayoutActivity: AbsoluteLayoutActivity()
edu.ustc.sse.mix.FrameLayoutActivity
edu.ustc.sse.mix.FrameLayoutActivity: FrameLayoutActivity()
edu.ustc.sse.mix.GridLayoutActivity
edu.ustc.sse.mix.GridLayoutActivity: GridLayoutActivity()
edu.ustc.sse.mix.ListLayoutActivity
edu.ustc.sse.mix.ListLayoutActivity: ListLayoutActivity()
edu.ustc.sse.mix.MixActivity
edu.ustc.sse.mix.MixActivity: MixActivity()
edu.ustc.sse.mix.MixBroadcastReceiver
edu.ustc.sse.mix.MixBroadcastReceiver: MixBroadcastReceiver()
edu.ustc.sse.mix.MixContentProvider
edu.ustc.sse.mix.MixContentProvider: MixContentProvider()
edu.ustc.sse.mix.MixService
edu.ustc.sse.mix.MixService: MixService()
edu.ustc.sse.mix.RelativeLayoutActivity
edu.ustc.sse.mix.RelativeLayoutActivity: RelativeLayoutActivity()
edu.ustc.sse.mix.SplashActivity
edu.ustc.sse.mix.SplashActivity: SplashActivity()
edu.ustc.sse.mix.TabLayoutActivity
edu.ustc.sse.mix.TabLayoutActivity: TabLayoutActivity()
edu.ustc.sse.mix.TableLayoutActivity
edu.ustc.sse.mix.TableLayoutActivity: TableLayoutActivity()
...
android.support.v4.app.BackStackState
android.support.v4.app.BackStackState: android.os.Parcelable$Creator CREATOR
android.support.v4.app.Fragment$SavedState
android.support.v4.app.Fragment$SavedState: android.os.Parcelable$Creator CREATOR
android.support.v4.app.FragmentActivity
android.support.v4.app.FragmentActivity: FragmentActivity()
android.support.v4.app.FragmentManagerState
android.support.v4.app.FragmentManagerState: android.os.Parcelable$Creator CREATOR
android.support.v4.app.FragmentState
android.support.v4.app.FragmentState: android.os.Parcelable$Creator CREATOR
android.support.v4.app.FragmentTabHost
android.support.v4.app.FragmentTabHost: FragmentTabHost(android.content.Context,android.util.AttributeSet)
android.support.v4.app.FragmentTabHost$SavedState
android.support.v4.app.FragmentTabHost$SavedState: android.os.Parcelable$Creator CREATOR
android.support.v4.content.FileProvider
android.support.v4.content.ModernAsyncTask$Status: android.support.v4.content.ModernAsyncTask$Status[] values()
android.support.v4.content.ModernAsyncTask$Status: android.support.v4.content.ModernAsyncTask$Status valueOf(java.lang.String)
android.support.v4.content.WakefulBroadcastReceiver
android.support.v4.view.PagerTabStrip
android.support.v4.view.PagerTabStrip: PagerTabStrip(android.content.Context,android.util.AttributeSet)
android.support.v4.view.PagerTitleStrip
android.support.v4.view.PagerTitleStrip: PagerTitleStrip(android.content.Context,android.util.AttributeSet)
android.support.v4.view.ViewPager
android.support.v4.view.ViewPager: ViewPager(android.content.Context)
android.support.v4.view.ViewPager: ViewPager(android.content.Context,android.util.AttributeSet)
android.support.v4.view.ViewPager$LayoutParams
android.support.v4.view.ViewPager$LayoutParams: ViewPager$LayoutParams(android.content.Context,android.util.AttributeSet)
android.support.v4.view.ViewPager$SavedState
android.support.v4.view.ViewPager$SavedState: android.os.Parcelable$Creator CREATOR
android.support.v4.widget.ContentLoadingProgressBar
android.support.v4.widget.ContentLoadingProgressBar: ContentLoadingProgressBar(android.content.Context,android.util.AttributeSet)
android.support.v4.widget.DrawerLayout
android.support.v4.widget.DrawerLayout: DrawerLayout(android.content.Context,android.util.AttributeSet)
android.support.v4.widget.DrawerLayout: DrawerLayout(android.content.Context,android.util.AttributeSet,int)
android.support.v4.widget.DrawerLayout$LayoutParams
android.support.v4.widget.DrawerLayout$LayoutParams: DrawerLayout$LayoutParams(android.content.Context,android.util.AttributeSet)
android.support.v4.widget.DrawerLayout$SavedState
android.support.v4.widget.DrawerLayout$SavedState: android.os.Parcelable$Creator CREATOR
android.support.v4.widget.SlidingPaneLayout
android.support.v4.widget.SlidingPaneLayout: SlidingPaneLayout(android.content.Context,android.util.AttributeSet)
android.support.v4.widget.SlidingPaneLayout: SlidingPaneLayout(android.content.Context,android.util.AttributeSet,int)
android.support.v4.widget.SlidingPaneLayout$LayoutParams
android.support.v4.widget.SlidingPaneLayout$LayoutParams: SlidingPaneLayout$LayoutParams(android.content.Context,android.util.AttributeSet)
android.support.v4.widget.SlidingPaneLayout$SavedState
android.support.v4.widget.SlidingPaneLayout$SavedState: android.os.Parcelable$Creator CREATOR
android.support.v4.widget.SwipeRefreshLayout
android.support.v4.widget.SwipeRefreshLayout: SwipeRefreshLayout(android.content.Context,android.util.AttributeSet)
android.support.v7.app.ActionBar$LayoutParams
android.support.v7.app.ActionBar$LayoutParams: ActionBar$LayoutParams(android.content.Context,android.util.AttributeSet)
android.support.v7.app.ActionBarActivity
android.support.v7.app.ActionBarActivity: ActionBarActivity()
android.support.v7.app.ActionBarActivity: void setContentView(android.view.View)