proguard/mapping.txt
edu.ustc.sse.mix.AbsoluteLayoutActivity -> edu.ustc.sse.mix.AbsoluteLayoutActivity:
    void onCreate(android.os.Bundle) -> onCreate
edu.ustc.sse.mix.DatabaseHelper -> edu.ustc.sse.mix.a:
    java.lang.String DB_NAME -> a
    int VERSION -> b
    void onCreate(android.database.sqlite.SQLiteDatabase) -> onCreate
    void onUpgrade(android.database.sqlite.SQLiteDatabase,int,int) -> onUpgrade
edu.ustc.sse.mix.FrameLayoutActivity -> edu.ustc.sse.mix.FrameLayoutActivity:
    void onCreate(android.os.Bundle) -> onCreate
edu.ustc.sse.mix.GridLayoutActivity -> edu.ustc.sse.mix.GridLayoutActivity:
    void onCreate(android.os.Bundle) -> onCreate
edu.ustc.sse.mix.GridLayoutActivity$ItemClickListener -> edu.ustc.sse.mix.b:
    edu.ustc.sse.mix.GridLayoutActivity this$0 -> a
    void onItemClick(android.widget.AdapterView,android.view.View,int,long) -> onItemClick
edu.ustc.sse.mix.ListLayoutActivity -> edu.ustc.sse.mix.ListLayoutActivity:
    edu.ustc.sse.mix.ListViewAdapter listViewAdapter -> c
    android.widget.Button btn_list_desc -> d
    android.widget.ListView view -> e
    android.app.AlertDialog dialog -> f
    java.lang.Integer[] images -> a
    java.lang.String[] guys -> b
    android.view.View$OnClickListener list_desc -> g
    android.view.View$OnClickListener btn_cancel_click -> h
    android.view.View$OnClickListener btn_ok_click -> i
    void onCreate(android.os.Bundle) -> onCreate
    java.util.List getListItems() -> a
    java.util.List access$0(edu.ustc.sse.mix.ListLayoutActivity) -> a
    edu.ustc.sse.mix.ListViewAdapter access$1(edu.ustc.sse.mix.ListLayoutActivity) -> b
    void access$2(edu.ustc.sse.mix.ListLayoutActivity,android.app.AlertDialog) -> a
    android.app.AlertDialog access$3(edu.ustc.sse.mix.ListLayoutActivity) -> c
    android.view.View$OnClickListener access$4(edu.ustc.sse.mix.ListLayoutActivity) -> d
    android.view.View$OnClickListener access$5(edu.ustc.sse.mix.ListLayoutActivity) -> e
edu.ustc.sse.mix.ListLayoutActivity$1 -> edu.ustc.sse.mix.c:
    edu.ustc.sse.mix.ListLayoutActivity this$0 -> a
    void onClick(android.view.View) -> onClick
edu.ustc.sse.mix.ListLayoutActivity$2 -> edu.ustc.sse.mix.d:
    edu.ustc.sse.mix.ListLayoutActivity this$0 -> a
    void onClick(android.view.View) -> onClick
edu.ustc.sse.mix.ListLayoutActivity$3 -> edu.ustc.sse.mix.e:
    edu.ustc.sse.mix.ListLayoutActivity this$0 -> a
    void onClick(android.view.View) -> onClick
edu.ustc.sse.mix.ListViewAdapter -> edu.ustc.sse.mix.f:
    android.content.Context context -> a
    java.util.List listItems -> b
    android.view.LayoutInflater listContainer -> c
    boolean[] hasChecked -> d
    android.app.AlertDialog dialog -> e
    android.view.View$OnClickListener btn_cancel_click -> f
    android.view.View$OnClickListener btn_ok_click -> g
    int getCount() -> getCount
    java.lang.Object getItem(int) -> getItem
    long getItemId(int) -> getItemId
    android.view.View getView(int,android.view.View,android.view.ViewGroup) -> getView
    boolean hasChecked(int) -> a
    android.app.AlertDialog access$0(edu.ustc.sse.mix.ListViewAdapter) -> a
    void access$1(edu.ustc.sse.mix.ListViewAdapter,int) -> a
    void access$2(edu.ustc.sse.mix.ListViewAdapter,int) -> b
edu.ustc.sse.mix.ListViewAdapter$1 -> edu.ustc.sse.mix.g:
    edu.ustc.sse.mix.ListViewAdapter this$0 -> a
    void onClick(android.view.View) -> onClick
edu.ustc.sse.mix.ListViewAdapter$2 -> edu.ustc.sse.mix.h:
    edu.ustc.sse.mix.ListViewAdapter this$0 -> a
    void onClick(android.view.View) -> onClick
edu.ustc.sse.mix.ListViewAdapter$3 -> edu.ustc.sse.mix.i:
    edu.ustc.sse.mix.ListViewAdapter this$0 -> a
    int val$selectID -> b
    void onClick(android.view.View) -> onClick
...
android.support.v7.appcompat.R$bool -> android.support.v7.a.d:
    int abc_action_bar_embed_tabs_pre_jb -> a
    int abc_action_bar_expanded_action_views_exclusive -> b
    int abc_config_allowActionMenuItemTextWithIcon -> c
    int abc_config_showMenuShortcutsWhenKeyboardPresent -> d
    int abc_split_action_bar_is_narrow -> e
android.support.v7.appcompat.R$dimen -> android.support.v7.a.e:
    int abc_action_bar_stacked_max_height -> a
    int abc_action_bar_stacked_tab_max_width -> b
    int abc_config_prefDialogWidth -> c
    int abc_dropdownitem_icon_width -> d
    int abc_dropdownitem_text_padding_left -> e
    int abc_search_view_preferred_width -> f
android.support.v7.appcompat.R$id -> android.support.v7.a.f:
    int action_bar -> a
    int action_bar_activity_content -> b
    int action_bar_container -> c
    int action_bar_overlay_layout -> d
    int action_bar_root -> e
    int action_bar_subtitle -> f
    int action_bar_title -> g
    int action_context_bar -> h
    int action_menu_presenter -> i
    int activity_chooser_view_content -> j
    int default_activity_button -> k
    int edit_query -> l
    int expand_activities_button -> m
    int home -> n
    int icon -> o
    int image -> p
    int list_item -> q
    int progress_circular -> r
    int progress_horizontal -> s
    int search_button -> t
    int search_close_btn -> u
    int search_edit_frame -> v
    int search_go_btn -> w
    int search_mag_icon -> x
    int search_plate -> y
    int search_src_text -> z
    int search_voice_btn -> A
    int shortcut -> B
    int split_action_bar -> C
    int submit_area -> D
    int title -> E
    int top_action_bar -> F
    int up -> G
android.support.v7.appcompat.R$integer -> android.support.v7.a.g:
    int abc_max_action_buttons -> a
android.support.v7.appcompat.R$layout -> android.support.v7.a.h:
    int abc_action_bar_decor -> a
    int abc_action_bar_decor_overlay -> b
    int abc_action_bar_home -> c
    int abc_action_bar_tab -> d
    int abc_action_bar_tabbar -> e
    int abc_action_bar_title_item -> f
    int abc_action_bar_view_list_nav_layout -> g
    int abc_action_menu_item_layout -> h
    int abc_action_menu_layout -> i
    int abc_activity_chooser_view -> j
    int abc_activity_chooser_view_list_item -> k
    int abc_expanded_menu_layout -> l
    int abc_list_menu_item_checkbox -> m
    int abc_list_menu_item_icon -> n
    int abc_list_menu_item_layout -> o
    int abc_list_menu_item_radio -> p
    int abc_popup_menu_item_layout -> q
    int abc_search_view -> r
    int abc_simple_decor -> s
android.support.v7.appcompat.R$string -> android.support.v7.a.i:
    int abc_action_bar_home_description -> a
    int abc_action_bar_up_description -> b
    int abc_activity_chooser_view_see_all -> c
    int abc_activitychooserview_choose_application -> d
android.support.v7.appcompat.R$style -> android.support.v7.a.j:
    int Theme_AppCompat_CompactMenu -> a
    int Theme_AppCompat_CompactMenu_Dialog -> b
android.support.v7.appcompat.R$styleable -> android.support.v7.a.k:
    int[] ActionBar -> a
    int[] ActionBarLayout -> b
    int[] ActionBarWindow -> c
    int[] ActionMenuItemView -> d
    int[] ActionMenuView -> e
    int[] ActionMode -> f
    int[] ActivityChooserView -> g
    int[] CompatTextView -> h
    int[] LinearLayoutICS -> i
    int[] MenuGroup -> j
    int[] MenuItem -> k
    int[] MenuView -> l
    int[] SearchView -> m
    int[] Spinner -> n
    int[] Theme -> o
    int[] View -> p