proguard/usage.txt
edu.ustc.sse.mix.BuildConfig
edu.ustc.sse.mix.MixActivity:
    private static final java.lang.String TAG
    206:209:public void registerReceiver()
edu.ustc.sse.mix.MixActivity$MixHandler:
    656:658:public MixActivity$MixHandler(edu.ustc.sse.mix.MixActivity,android.os.Looper)
edu.ustc.sse.mix.MixBroadcastReceiver:
    private static final java.lang.String TAG
edu.ustc.sse.mix.MixService:
    private static final java.lang.String TAG
edu.ustc.sse.mix.MixTest
edu.ustc.sse.mix.NetWorkService:
    16:16:public NetWorkService()
edu.ustc.sse.mix.R
edu.ustc.sse.mix.R$anim
edu.ustc.sse.mix.R$attr
edu.ustc.sse.mix.R$bool
edu.ustc.sse.mix.R$color
edu.ustc.sse.mix.R$dimen
edu.ustc.sse.mix.R$drawable
edu.ustc.sse.mix.R$id
edu.ustc.sse.mix.R$integer
edu.ustc.sse.mix.R$layout
edu.ustc.sse.mix.R$menu
edu.ustc.sse.mix.R$string
edu.ustc.sse.mix.R$style
edu.ustc.sse.mix.R$styleable
edu.ustc.sse.mix.SplashActivity:
    private static final java.lang.String TAG
    private static final long SPLASH_DELAY_TIME
edu.ustc.sse.mix.TabLayoutActivity$PlaceholderFragment:
    private static final java.lang.String ARG_SECTION_NUMBER
...
android.support.v7.internal.widget.ActivityChooserModel$ActivityChooserModelClient
android.support.v7.internal.widget.ActivityChooserModel$DefaultSorter
android.support.v7.internal.widget.ActivityChooserView:
    188:189:public ActivityChooserView(android.content.Context)
    260:265:public void setActivityChooserModel(android.support.v7.internal.widget.ActivityChooserModel)
    279:280:public void setExpandActivityOverflowButtonDrawable(android.graphics.drawable.Drawable)
    293:295:public void setExpandActivityOverflowButtonContentDescription(int)
    302:303:public void setProvider(android.support.v4.view.ActionProvider)
    311:316:public boolean showPopup()
    438:438:public android.support.v7.internal.widget.ActivityChooserModel getDataModel()
    447:448:public void setOnDismissListener(android.widget.PopupWindow$OnDismissListener)
    459:460:public void setInitialActivityCount(int)
    473:474:public void setDefaultActionButtonContentDescription(int)
    66:66:static synthetic android.database.DataSetObserver access$1100(android.support.v7.internal.widget.ActivityChooserView)
android.support.v7.internal.widget.ActivityChooserView$ActivityChooserViewAdapter:
    public static final int MAX_ACTIVITY_COUNT_UNLIMITED
    public static final int MAX_ACTIVITY_COUNT_DEFAULT
    private static final int ITEM_VIEW_TYPE_ACTIVITY
    private static final int ITEM_VIEW_TYPE_FOOTER
    private static final int ITEM_VIEW_TYPE_COUNT
    639:648:public void setDataModel(android.support.v7.internal.widget.ActivityChooserModel)
    785:785:public int getMaxActivityCount()
android.support.v7.internal.widget.AdapterViewICS:
    static final int ITEM_VIEW_TYPE_IGNORE
    static final int ITEM_VIEW_TYPE_HEADER_OR_FOOTER
    static final int SYNC_SELECTED_POSITION
    static final int SYNC_FIRST_POSITION
    static final int SYNC_MAX_DURATION_MILLIS
    android.support.v7.internal.widget.AdapterViewICS$OnItemLongClickListener mOnItemLongClickListener
    public static final int INVALID_POSITION
    public static final long INVALID_ROW_ID
    228:229:AdapterViewICS(android.content.Context)
    232:233:AdapterViewICS(android.content.Context,android.util.AttributeSet)
    290:290:public final android.support.v7.internal.widget.AdapterViewICS$OnItemClickListener getOnItemClickListener()
    345:349:public void setOnItemLongClickListener(android.support.v7.internal.widget.AdapterViewICS$OnItemLongClickListener)
    356:356:public final android.support.v7.internal.widget.AdapterViewICS$OnItemLongClickListener getOnItemLongClickListener()
    402:402:public final android.support.v7.internal.widget.AdapterViewICS$OnItemSelectedListener getOnItemSelectedListener()
    public abstract void setAdapter(android.widget.Adapter)
    575:580:public java.lang.Object getSelectedItem()
    591:591:public int getCount()
    604:624:public int getPositionForView(android.view.View)
    634:634:public int getFirstVisiblePosition()
    644:644:public int getLastVisiblePosition()
    public abstract void setSelection(int)
android.support.v7.internal.widget.AdapterViewICS$AdapterContextMenuInfo
android.support.v7.internal.widget.AdapterViewICS$AdapterDataSetObserver:
    843:844:public void clearSavedState()
android.support.v7.internal.widget.AdapterViewICS$OnItemLongClickListener
android.support.v7.internal.widget.LinearLayoutICS:
    private static final int SHOW_DIVIDER_NONE
    private static final int SHOW_DIVIDER_BEGINNING
    private static final int SHOW_DIVIDER_MIDDLE
    private static final int SHOW_DIVIDER_END